2020-07-26 22:04:45,685 CRIT Supervisor is running as root.  Privileges were not dropped because no user is specified in the config file.  If you intend to run as root, you can set user=root in the config file to avoid this message.
2020-07-26 22:04:45,686 INFO Included extra file "/etc/supervisor/conf.d/services.conf" during parsing
2020-07-26 22:04:45,698 INFO RPC interface 'supervisor' initialized
2020-07-26 22:04:45,699 CRIT Server 'unix_http_server' running without any HTTP authentication checking
2020-07-26 22:04:45,699 INFO supervisord started with pid 1
2020-07-26 22:04:46,705 INFO spawned: 'mysqld' with pid 7
2020-07-26 22:04:47,761 INFO success: mysqld entered RUNNING state, process has stayed up for > than 1 seconds (startsecs)
2020-07-26 22:04:47,850 INFO exited: mysqld (exit status 0; expected)
2020-07-26 22:04:48,852 INFO reaped unknown pid 202
2020-07-26 22:06:57,141 WARN received SIGTERM indicating exit request
2020-07-26 22:06:57,853 CRIT Supervisor is running as root.  Privileges were not dropped because no user is specified in the config file.  If you intend to run as root, you can set user=root in the config file to avoid this message.
2020-07-26 22:06:57,854 INFO Included extra file "/etc/supervisor/conf.d/services.conf" during parsing
2020-07-26 22:06:57,866 INFO RPC interface 'supervisor' initialized
2020-07-26 22:06:57,866 CRIT Server 'unix_http_server' running without any HTTP authentication checking
2020-07-26 22:06:57,867 INFO supervisord started with pid 1
2020-07-26 22:06:58,872 INFO spawned: 'mysqld' with pid 8
2020-07-26 22:06:59,915 INFO success: mysqld entered RUNNING state, process has stayed up for > than 1 seconds (startsecs)
2020-07-26 22:06:59,977 INFO exited: mysqld (exit status 0; expected)
2020-07-26 22:07:00,980 INFO reaped unknown pid 203
2020-07-26 22:07:56,132 CRIT Supervisor is running as root.  Privileges were not dropped because no user is specified in the config file.  If you intend to run as root, you can set user=root in the config file to avoid this message.
2020-07-26 22:07:56,132 INFO Included extra file "/etc/supervisor/conf.d/services.conf" during parsing
2020-07-26 22:07:56,451 INFO RPC interface 'supervisor' initialized
2020-07-26 22:07:56,453 CRIT Server 'unix_http_server' running without any HTTP authentication checking
2020-07-26 22:07:56,453 INFO supervisord started with pid 1
2020-07-26 22:07:57,462 INFO spawned: 'mysqld' with pid 8
2020-07-26 22:07:58,499 INFO success: mysqld entered RUNNING state, process has stayed up for > than 1 seconds (startsecs)
2020-07-26 22:07:58,609 INFO exited: mysqld (exit status 0; expected)
2020-07-26 22:07:59,617 INFO reaped unknown pid 204
2020-07-26 22:08:00,619 WARN received SIGTERM indicating exit request
2020-07-26 22:08:29,880 CRIT Supervisor is running as root.  Privileges were not dropped because no user is specified in the config file.  If you intend to run as root, you can set user=root in the config file to avoid this message.
2020-07-26 22:08:29,880 INFO Included extra file "/etc/supervisor/conf.d/services.conf" during parsing
2020-07-26 22:08:29,891 INFO RPC interface 'supervisor' initialized
2020-07-26 22:08:29,891 CRIT Server 'unix_http_server' running without any HTTP authentication checking
2020-07-26 22:08:29,892 INFO supervisord started with pid 1
2020-07-26 22:08:30,900 INFO spawned: 'mysqld' with pid 7
2020-07-26 22:08:31,924 INFO success: mysqld entered RUNNING state, process has stayed up for > than 1 seconds (startsecs)
2020-07-26 22:08:32,082 INFO exited: mysqld (exit status 0; expected)
2020-07-26 22:08:33,085 INFO reaped unknown pid 203
2020-07-26 22:08:46,470 CRIT Supervisor is running as root.  Privileges were not dropped because no user is specified in the config file.  If you intend to run as root, you can set user=root in the config file to avoid this message.
2020-07-26 22:08:46,471 INFO Included extra file "/etc/supervisor/conf.d/services.conf" during parsing
2020-07-26 22:08:46,485 INFO RPC interface 'supervisor' initialized
2020-07-26 22:08:46,486 CRIT Server 'unix_http_server' running without any HTTP authentication checking
2020-07-26 22:08:46,487 INFO supervisord started with pid 1
2020-07-26 22:08:47,491 INFO spawned: 'mysqld' with pid 8
2020-07-26 22:08:48,519 INFO success: mysqld entered RUNNING state, process has stayed up for > than 1 seconds (startsecs)
2020-07-26 22:08:48,693 INFO exited: mysqld (exit status 0; expected)
2020-07-26 22:08:50,697 INFO reaped unknown pid 203
