2020-07-26 22:04:46,181 CRIT Supervisor is running as root.  Privileges were not dropped because no user is specified in the config file.  If you intend to run as root, you can set user=root in the config file to avoid this message.
2020-07-26 22:04:46,181 INFO Included extra file "/etc/supervisor/conf.d/services.conf" during parsing
2020-07-26 22:04:46,195 INFO RPC interface 'supervisor' initialized
2020-07-26 22:04:46,195 CRIT Server 'unix_http_server' running without any HTTP authentication checking
2020-07-26 22:04:46,196 INFO supervisord started with pid 1
2020-07-26 22:04:47,201 INFO spawned: 'ptserver' with pid 9
2020-07-26 22:04:48,204 INFO success: ptserver entered RUNNING state, process has stayed up for > than 1 seconds (startsecs)
2020-07-26 22:06:58,429 WARN received SIGTERM indicating exit request
2020-07-26 22:06:58,431 INFO waiting for ptserver to die
2020-07-26 22:06:59,434 INFO stopped: ptserver (terminated by SIGTERM)
2020-07-26 22:07:00,239 CRIT Supervisor is running as root.  Privileges were not dropped because no user is specified in the config file.  If you intend to run as root, you can set user=root in the config file to avoid this message.
2020-07-26 22:07:00,242 INFO Included extra file "/etc/supervisor/conf.d/services.conf" during parsing
2020-07-26 22:07:00,252 INFO RPC interface 'supervisor' initialized
2020-07-26 22:07:00,252 CRIT Server 'unix_http_server' running without any HTTP authentication checking
2020-07-26 22:07:00,253 INFO supervisord started with pid 1
2020-07-26 22:07:01,260 INFO spawned: 'ptserver' with pid 7
2020-07-26 22:07:02,262 INFO success: ptserver entered RUNNING state, process has stayed up for > than 1 seconds (startsecs)
2020-07-26 22:07:11,703 WARN received SIGTERM indicating exit request
2020-07-26 22:07:11,704 INFO waiting for ptserver to die
2020-07-26 22:07:56,507 CRIT Supervisor is running as root.  Privileges were not dropped because no user is specified in the config file.  If you intend to run as root, you can set user=root in the config file to avoid this message.
2020-07-26 22:07:56,507 INFO Included extra file "/etc/supervisor/conf.d/services.conf" during parsing
2020-07-26 22:07:56,816 INFO RPC interface 'supervisor' initialized
2020-07-26 22:07:56,816 CRIT Server 'unix_http_server' running without any HTTP authentication checking
2020-07-26 22:07:56,817 INFO supervisord started with pid 1
2020-07-26 22:07:57,822 INFO spawned: 'ptserver' with pid 7
2020-07-26 22:07:58,824 INFO success: ptserver entered RUNNING state, process has stayed up for > than 1 seconds (startsecs)
2020-07-26 22:07:59,826 WARN received SIGTERM indicating exit request
2020-07-26 22:07:59,826 INFO waiting for ptserver to die
2020-07-26 22:07:59,867 INFO stopped: ptserver (terminated by SIGTERM)
2020-07-26 22:08:30,367 CRIT Supervisor is running as root.  Privileges were not dropped because no user is specified in the config file.  If you intend to run as root, you can set user=root in the config file to avoid this message.
2020-07-26 22:08:30,368 INFO Included extra file "/etc/supervisor/conf.d/services.conf" during parsing
2020-07-26 22:08:30,378 INFO RPC interface 'supervisor' initialized
2020-07-26 22:08:30,378 CRIT Server 'unix_http_server' running without any HTTP authentication checking
2020-07-26 22:08:30,379 INFO supervisord started with pid 1
2020-07-26 22:08:31,385 INFO spawned: 'ptserver' with pid 7
2020-07-26 22:08:32,387 INFO success: ptserver entered RUNNING state, process has stayed up for > than 1 seconds (startsecs)
2020-07-26 22:08:47,062 CRIT Supervisor is running as root.  Privileges were not dropped because no user is specified in the config file.  If you intend to run as root, you can set user=root in the config file to avoid this message.
2020-07-26 22:08:47,063 INFO Included extra file "/etc/supervisor/conf.d/services.conf" during parsing
2020-07-26 22:08:47,075 INFO RPC interface 'supervisor' initialized
2020-07-26 22:08:47,076 CRIT Server 'unix_http_server' running without any HTTP authentication checking
2020-07-26 22:08:47,077 INFO supervisord started with pid 1
2020-07-26 22:08:48,082 INFO spawned: 'ptserver' with pid 7
2020-07-26 22:08:49,084 INFO success: ptserver entered RUNNING state, process has stayed up for > than 1 seconds (startsecs)
